Build started 20/11/2013 11:03:04 PM.
     1>Project "C:\Users\Adam\Documents\Visual Studio 2012\Projects\OOP Assignment 2\OOP Assignment 2\OOP Assignment 2.vcxproj" on node 2 (Build target(s)).
     1>ClCompile:
         C:\Program Files (x86)\Microsoft Visual Studio 11.0\VC\bin\CL.exe /c /ZI /nologo /W3 /WX- /sdl /Od /Oy- /D WIN32 /D _DEBUG /D _CONSOLE /D _UNICODE /D UNICODE /Gm /EHsc /RTC1 /MDd /GS /fp:precise /Zc:wchar_t /Zc:forScope /Fo"Debug\\" /Fd"Debug\vc110.pdb" /Gd /TP /analyze- /errorReport:prompt Main.cpp
         Main.cpp
     1>c:\users\adam\documents\visual studio 2012\projects\oop assignment 2\oop assignment 2\main.cpp(13): error C3867: 'Bank::PrintAccntInfo': function call missing argument list; use '&Bank::PrintAccntInfo' to create a pointer to member
     1>Done Building Project "C:\Users\Adam\Documents\Visual Studio 2012\Projects\OOP Assignment 2\OOP Assignment 2\OOP Assignment 2.vcxproj" (Build target(s)) -- FAILED.

Build FAILED.

Time Elapsed 00:00:00.66
